16:28:57.528 [main] INFO  - ---- TestCase_01_EnteringRequiredValuesInHomePage Started ----
16:28:59.183 [main] INFO  - ---- TestCase_01_EnteringRequiredValuesInHomePage Ended ----
16:28:59.350 [main] INFO  - ---- TestCase_02_DisplayingTheEMIPaymentTable Started ----
16:29:00.878 [main] INFO  - ---- TestCase_02_DisplayingTheEMIPaymentTable Ended ----
16:29:07.634 [main] INFO  - ---- TestCase_03_StoringTheYearTableInExcel Started ----
16:29:12.314 [main] INFO  - ---- TestCase_03_StoringTheYearTableInExcel Ended ----
16:29:20.990 [main] INFO  - -----TestCase_04_EMICalculator_ValidatingLoanAmountTextBoxAndSlider  started.------
16:29:21.098 [main] INFO  - TestCase_04_EMICalculator_ValidatingLoanAmountTextBoxAndSlider ended.
16:29:21.248 [main] INFO  - TestCase_05_EMICalculator_ScaleChangeForLoanAmountTextBoxAndSlider started.
16:29:22.178 [main] INFO  - TestCase_05_EMICalculator_ScaleChangeForLoanAmountTextBoxAndSlider started.
16:29:22.329 [main] INFO  - TestCase_06_EMICalculator_ValidatingInterestRateTextBoxAndSlider started.
16:29:22.389 [main] INFO  - TestCase_06_EMICalculator_ValidatingInterestRateTextBoxAndSlider ended.
16:29:22.551 [main] INFO  - TestCase_07_EMICalculator_ScaleChangeForInterestRateTextBoxAndSlider started
16:29:23.412 [main] INFO  - TestCase_07_EMICalculator_ScaleChangeForInterestRateTextBoxAndSlider ended
16:29:23.589 [main] INFO  - TestCase_08_EMICalculator_ValidatingLoanTenureTextBoxAndSlider started.
16:29:23.705 [main] INFO  - TestCase_08_EMICalculator_ValidatingLoanTenureTextBoxAndSlider ended.
16:29:23.869 [main] INFO  - TestCase_09_EMICalculator_ScaleChangeForLoanTenureTextBoxAndSlider started
16:29:24.714 [main] INFO  - TestCase_09_EMICalculator_ScaleChangeForLoanTenureTextBoxAndSlider ended
16:29:24.840 [main] INFO  - TestCase_10_EMICalculator_ValidatingFeesAndChargesTextBoxAndSlider started.
16:29:24.903 [main] INFO  - TestCase_10_EMICalculator_ValidatingFeesAndChargesTextBoxAndSlider ended.
16:29:25.027 [main] INFO  - TestCase_11_EMICalculator_ScaleChangeForFeesAndChargesTextBoxAndSlider started
16:29:25.879 [main] INFO  - TestCase_11_EMICalculator_ScaleChangeForFeesAndChargesTextBoxAndSlider ended
16:29:26.016 [main] INFO  - TestCase_12_EMICalculator_ValidationForYearAndMonthOption started.
16:29:26.089 [main] INFO  - TestCase_12_EMICalculator_ValidationForYearAndMonthOption ended.
16:29:34.759 [main] INFO  - ---- TestCase_13_LoanAmtCalculator_ValidatingEMITextBoxAndSlider Started ----
16:29:34.823 [main] INFO  - ---- TestCase_13_LoanAmtCalculator_ValidatingEMITextBoxAndSlider Ended ----
16:29:34.983 [main] INFO  - ---- TestCase_14_LoanAmtCalculator_ValidatingInterestRateTextBoxAndSlider Started ----
16:29:35.037 [main] INFO  - ---- TestCase_14_LoanAmtCalculator_ValidatingInterestRateTextBoxAndSlider Ended ----
16:29:35.205 [main] INFO  - ---- TestCase_15_LoanAmtCalculator_ScaleChangeForInterestRateTextBoxAndSlider Started ----
16:29:36.047 [main] INFO  - ---- TestCase_15_LoanAmtCalculator_ScaleChangeForInterestRateTextBoxAndSlider Ended ----
16:29:36.217 [main] INFO  - ---- TestCase_16_LoanAmtCalculator_ValidatingLoanTenureTextBoxAndSlider Started ----
16:29:36.273 [main] INFO  - ---- TestCase_16_LoanAmtCalculator_ValidatingLoanTenureTextBoxAndSlider Ended ----
16:29:36.425 [main] INFO  - ---- TestCase_17_LoanAmtCalculator_ScaleChangeForLoanTenureTextBoxAndSlider Started ----
16:29:37.286 [main] INFO  - ---- TestCase_17_LoanAmtCalculator_ScaleChangeForLoanTenureTextBoxAndSlider Ended ----
16:29:37.416 [main] INFO  - ---- TestCase_18_LoanAmtCalculator_ValidatingFeesAndChargesTextBoxAndSlider Started ----
16:29:37.482 [main] INFO  - ---- TestCase_18_LoanAmtCalculator_ValidatingFeesAndChargesTextBoxAndSlider Ended ----
16:29:37.617 [main] INFO  - ---- TestCase_19_LoanAmtCalculator_ValidationForYearAndMonthOption Started ----
16:29:37.661 [main] INFO  - ---- TestCase_19_LoanAmtCalculator_ValidationForYearAndMonthOption Ended ----
16:29:37.808 [main] INFO  - ---- TestCase_20_LoanAmtCalculator_ScaleChangeForFeesAndChargesTextBoxAndSlider Started ----
16:29:38.740 [main] INFO  - ---- TestCase_20_LoanAmtCalculator_ScaleChangeForFeesAndChargesTextBoxAndSlider Ended ----
16:29:46.971 [main] INFO  - ---- TestCase_21_LoanTenureCalculator_ValidatingLoanAmountTextBoxAndSlider Started ----
16:29:47.044 [main] INFO  - ---- TestCase_21_LoanTenureCalculator_ValidatingLoanAmountTextBoxAndSlider Ended ----
16:29:47.205 [main] INFO  - ---- TestCase_22_LoanTenureCalculator_ScaleChangeForLoanAmountTextBoxAndSlider Started ----
16:29:48.042 [main] INFO  - ---- TestCase_22_LoanTenureCalculator_ScaleChangeForLoanAmountTextBoxAndSlider Ended ----
16:29:48.225 [main] INFO  - ---- TestCase_23_LoanTenureCalculator_ValidatingEMITextBoxAndSlider Started ----
16:29:48.287 [main] INFO  - ---- TestCase_23_LoanTenureCalculator_ValidatingEMITextBoxAndSlider Ended ----
16:29:48.441 [main] INFO  - ---- TestCase_24_LoanTenureCalculator_ValidatingInterestRateTextBoxAndSlider Started ----
16:29:48.502 [main] INFO  - ---- TestCase_24_LoanTenureCalculator_ValidatingInterestRateTextBoxAndSlider Ended ----
16:29:48.646 [main] INFO  - ---- TestCase_25_LoanTenureCalculator_ScaleChangeForInterestRateTextBoxAndSlider Started ----
16:29:49.544 [main] INFO  - ---- TestCase_25_LoanTenureCalculator_ScaleChangeForInterestRateTextBoxAndSlider Ended ----
16:29:49.691 [main] INFO  - ---- TestCase_26_LoanTenureCalculator_ValidatingFeesAndChargesTextBoxAndSlider Started ----
16:29:49.771 [main] INFO  - ---- TestCase_26_LoanTenureCalculator_ValidatingFeesAndChargesTextBoxAndSlider Ended ----
16:29:49.907 [main] INFO  - ---- TestCase_27_LoanTenureCalculator_ScaleChangeForFeesAndChargesTextBoxAndSlider Started ----
16:29:50.839 [main] INFO  - ---- TestCase_27_LoanTenureCalculator_ScaleChangeForFeesAndChargesTextBoxAndSlider Ended ----
12:41:00.374 [main] INFO  - ---- TestCase_01_EnteringRequiredValuesInHomePage Started ----
12:41:06.459 [main] INFO  - ---- TestCase_03_StoringTheYearTableInExcel Started ----
12:41:11.804 [main] INFO  - ---- TestCase_03_StoringTheYearTableInExcel Ended ----
12:41:22.081 [main] INFO  - -----TestCase_04_EMICalculator_ValidatingLoanAmountTextBoxAndSlider  started.------
12:41:22.195 [main] INFO  - TestCase_04_EMICalculator_ValidatingLoanAmountTextBoxAndSlider ended.
12:41:22.363 [main] INFO  - TestCase_05_EMICalculator_ScaleChangeForLoanAmountTextBoxAndSlider started.
12:41:23.268 [main] INFO  - TestCase_05_EMICalculator_ScaleChangeForLoanAmountTextBoxAndSlider started.
12:41:23.418 [main] INFO  - TestCase_06_EMICalculator_ValidatingInterestRateTextBoxAndSlider started.
12:41:23.476 [main] INFO  - TestCase_06_EMICalculator_ValidatingInterestRateTextBoxAndSlider ended.
12:41:23.623 [main] INFO  - TestCase_07_EMICalculator_ScaleChangeForInterestRateTextBoxAndSlider started
12:41:24.463 [main] INFO  - TestCase_07_EMICalculator_ScaleChangeForInterestRateTextBoxAndSlider ended
12:41:24.630 [main] INFO  - TestCase_08_EMICalculator_ValidatingLoanTenureTextBoxAndSlider started.
12:41:24.737 [main] INFO  - TestCase_08_EMICalculator_ValidatingLoanTenureTextBoxAndSlider ended.
12:41:24.898 [main] INFO  - TestCase_09_EMICalculator_ScaleChangeForLoanTenureTextBoxAndSlider started
12:41:25.768 [main] INFO  - TestCase_09_EMICalculator_ScaleChangeForLoanTenureTextBoxAndSlider ended
12:41:25.924 [main] INFO  - TestCase_10_EMICalculator_ValidatingFeesAndChargesTextBoxAndSlider started.
12:41:25.991 [main] INFO  - TestCase_10_EMICalculator_ValidatingFeesAndChargesTextBoxAndSlider ended.
12:41:26.117 [main] INFO  - TestCase_11_EMICalculator_ScaleChangeForFeesAndChargesTextBoxAndSlider started
12:41:26.978 [main] INFO  - TestCase_11_EMICalculator_ScaleChangeForFeesAndChargesTextBoxAndSlider ended
12:41:27.138 [main] INFO  - TestCase_12_EMICalculator_ValidationForYearAndMonthOption started.
12:41:27.222 [main] INFO  - TestCase_12_EMICalculator_ValidationForYearAndMonthOption ended.
12:41:35.593 [main] INFO  - ---- TestCase_13_LoanAmtCalculator_ValidatingEMITextBoxAndSlider Started ----
12:41:35.657 [main] INFO  - ---- TestCase_13_LoanAmtCalculator_ValidatingEMITextBoxAndSlider Ended ----
12:41:35.812 [main] INFO  - ---- TestCase_14_LoanAmtCalculator_ValidatingInterestRateTextBoxAndSlider Started ----
12:41:35.870 [main] INFO  - ---- TestCase_14_LoanAmtCalculator_ValidatingInterestRateTextBoxAndSlider Ended ----
12:41:36.031 [main] INFO  - ---- TestCase_15_LoanAmtCalculator_ScaleChangeForInterestRateTextBoxAndSlider Started ----
12:41:36.938 [main] INFO  - ---- TestCase_15_LoanAmtCalculator_ScaleChangeForInterestRateTextBoxAndSlider Ended ----
12:41:37.099 [main] INFO  - ---- TestCase_16_LoanAmtCalculator_ValidatingLoanTenureTextBoxAndSlider Started ----
12:41:37.166 [main] INFO  - ---- TestCase_16_LoanAmtCalculator_ValidatingLoanTenureTextBoxAndSlider Ended ----
12:41:37.321 [main] INFO  - ---- TestCase_17_LoanAmtCalculator_ScaleChangeForLoanTenureTextBoxAndSlider Started ----
12:41:38.215 [main] INFO  - ---- TestCase_17_LoanAmtCalculator_ScaleChangeForLoanTenureTextBoxAndSlider Ended ----
12:41:38.366 [main] INFO  - ---- TestCase_18_LoanAmtCalculator_ValidatingFeesAndChargesTextBoxAndSlider Started ----
12:41:38.425 [main] INFO  - ---- TestCase_18_LoanAmtCalculator_ValidatingFeesAndChargesTextBoxAndSlider Ended ----
12:41:38.556 [main] INFO  - ---- TestCase_19_LoanAmtCalculator_ValidationForYearAndMonthOption Started ----
12:41:38.602 [main] INFO  - ---- TestCase_19_LoanAmtCalculator_ValidationForYearAndMonthOption Ended ----
12:41:38.750 [main] INFO  - ---- TestCase_20_LoanAmtCalculator_ScaleChangeForFeesAndChargesTextBoxAndSlider Started ----
12:41:39.691 [main] INFO  - ---- TestCase_20_LoanAmtCalculator_ScaleChangeForFeesAndChargesTextBoxAndSlider Ended ----
12:41:47.551 [main] INFO  - ---- TestCase_21_LoanTenureCalculator_ValidatingLoanAmountTextBoxAndSlider Started ----
12:41:47.612 [main] INFO  - ---- TestCase_21_LoanTenureCalculator_ValidatingLoanAmountTextBoxAndSlider Ended ----
12:41:47.772 [main] INFO  - ---- TestCase_22_LoanTenureCalculator_ScaleChangeForLoanAmountTextBoxAndSlider Started ----
12:41:48.651 [main] INFO  - ---- TestCase_22_LoanTenureCalculator_ScaleChangeForLoanAmountTextBoxAndSlider Ended ----
12:41:48.828 [main] INFO  - ---- TestCase_23_LoanTenureCalculator_ValidatingEMITextBoxAndSlider Started ----
12:41:48.889 [main] INFO  - ---- TestCase_23_LoanTenureCalculator_ValidatingEMITextBoxAndSlider Ended ----
12:41:49.042 [main] INFO  - ---- TestCase_24_LoanTenureCalculator_ValidatingInterestRateTextBoxAndSlider Started ----
12:41:49.103 [main] INFO  - ---- TestCase_24_LoanTenureCalculator_ValidatingInterestRateTextBoxAndSlider Ended ----
12:41:49.249 [main] INFO  - ---- TestCase_25_LoanTenureCalculator_ScaleChangeForInterestRateTextBoxAndSlider Started ----
12:41:50.129 [main] INFO  - ---- TestCase_25_LoanTenureCalculator_ScaleChangeForInterestRateTextBoxAndSlider Ended ----
12:41:50.285 [main] INFO  - ---- TestCase_26_LoanTenureCalculator_ValidatingFeesAndChargesTextBoxAndSlider Started ----
12:41:50.353 [main] INFO  - ---- TestCase_26_LoanTenureCalculator_ValidatingFeesAndChargesTextBoxAndSlider Ended ----
12:41:50.493 [main] INFO  - ---- TestCase_27_LoanTenureCalculator_ScaleChangeForFeesAndChargesTextBoxAndSlider Started ----
12:41:51.375 [main] INFO  - ---- TestCase_27_LoanTenureCalculator_ScaleChangeForFeesAndChargesTextBoxAndSlider Ended ----
12:43:56.041 [main] INFO  - ---- TestCase_01_EnteringRequiredValuesInHomePage Started ----
12:44:03.574 [main] INFO  - ---- TestCase_03_StoringTheYearTableInExcel Started ----
12:44:10.092 [main] INFO  - ---- TestCase_03_StoringTheYearTableInExcel Ended ----
12:44:16.885 [main] INFO  - -----TestCase_04_EMICalculator_ValidatingLoanAmountTextBoxAndSlider  started.------
12:44:16.998 [main] INFO  - TestCase_04_EMICalculator_ValidatingLoanAmountTextBoxAndSlider ended.
12:44:17.158 [main] INFO  - TestCase_05_EMICalculator_ScaleChangeForLoanAmountTextBoxAndSlider started.
12:44:18.070 [main] INFO  - TestCase_05_EMICalculator_ScaleChangeForLoanAmountTextBoxAndSlider started.
12:44:18.226 [main] INFO  - TestCase_06_EMICalculator_ValidatingInterestRateTextBoxAndSlider started.
12:44:18.287 [main] INFO  - TestCase_06_EMICalculator_ValidatingInterestRateTextBoxAndSlider ended.
12:44:18.446 [main] INFO  - TestCase_07_EMICalculator_ScaleChangeForInterestRateTextBoxAndSlider started
12:44:19.301 [main] INFO  - TestCase_07_EMICalculator_ScaleChangeForInterestRateTextBoxAndSlider ended
12:44:19.452 [main] INFO  - TestCase_08_EMICalculator_ValidatingLoanTenureTextBoxAndSlider started.
12:44:19.554 [main] INFO  - TestCase_08_EMICalculator_ValidatingLoanTenureTextBoxAndSlider ended.
12:44:19.715 [main] INFO  - TestCase_09_EMICalculator_ScaleChangeForLoanTenureTextBoxAndSlider started
12:44:20.558 [main] INFO  - TestCase_09_EMICalculator_ScaleChangeForLoanTenureTextBoxAndSlider ended
12:44:20.700 [main] INFO  - TestCase_10_EMICalculator_ValidatingFeesAndChargesTextBoxAndSlider started.
12:44:20.764 [main] INFO  - TestCase_10_EMICalculator_ValidatingFeesAndChargesTextBoxAndSlider ended.
12:44:20.903 [main] INFO  - TestCase_11_EMICalculator_ScaleChangeForFeesAndChargesTextBoxAndSlider started
12:44:21.737 [main] INFO  - TestCase_11_EMICalculator_ScaleChangeForFeesAndChargesTextBoxAndSlider ended
12:44:21.882 [main] INFO  - TestCase_12_EMICalculator_ValidationForYearAndMonthOption started.
12:44:21.966 [main] INFO  - TestCase_12_EMICalculator_ValidationForYearAndMonthOption ended.
12:44:30.235 [main] INFO  - ---- TestCase_13_LoanAmtCalculator_ValidatingEMITextBoxAndSlider Started ----
12:44:30.330 [main] INFO  - ---- TestCase_13_LoanAmtCalculator_ValidatingEMITextBoxAndSlider Ended ----
12:44:30.519 [main] INFO  - ---- TestCase_14_LoanAmtCalculator_ValidatingInterestRateTextBoxAndSlider Started ----
12:44:30.597 [main] INFO  - ---- TestCase_14_LoanAmtCalculator_ValidatingInterestRateTextBoxAndSlider Ended ----
12:44:30.794 [main] INFO  - ---- TestCase_15_LoanAmtCalculator_ScaleChangeForInterestRateTextBoxAndSlider Started ----
12:44:31.643 [main] INFO  - ---- TestCase_15_LoanAmtCalculator_ScaleChangeForInterestRateTextBoxAndSlider Ended ----
12:44:31.928 [main] INFO  - ---- TestCase_16_LoanAmtCalculator_ValidatingLoanTenureTextBoxAndSlider Started ----
12:44:32.068 [main] INFO  - ---- TestCase_16_LoanAmtCalculator_ValidatingLoanTenureTextBoxAndSlider Ended ----
12:44:32.217 [main] INFO  - ---- TestCase_17_LoanAmtCalculator_ScaleChangeForLoanTenureTextBoxAndSlider Started ----
12:44:33.111 [main] INFO  - ---- TestCase_17_LoanAmtCalculator_ScaleChangeForLoanTenureTextBoxAndSlider Ended ----
12:44:33.283 [main] INFO  - ---- TestCase_18_LoanAmtCalculator_ValidatingFeesAndChargesTextBoxAndSlider Started ----
12:44:33.351 [main] INFO  - ---- TestCase_18_LoanAmtCalculator_ValidatingFeesAndChargesTextBoxAndSlider Ended ----
12:44:33.478 [main] INFO  - ---- TestCase_19_LoanAmtCalculator_ValidationForYearAndMonthOption Started ----
12:44:33.518 [main] INFO  - ---- TestCase_19_LoanAmtCalculator_ValidationForYearAndMonthOption Ended ----
12:44:33.650 [main] INFO  - ---- TestCase_20_LoanAmtCalculator_ScaleChangeForFeesAndChargesTextBoxAndSlider Started ----
12:44:34.661 [main] INFO  - ---- TestCase_20_LoanAmtCalculator_ScaleChangeForFeesAndChargesTextBoxAndSlider Ended ----
12:44:44.851 [main] INFO  - ---- TestCase_21_LoanTenureCalculator_ValidatingLoanAmountTextBoxAndSlider Started ----
12:44:44.937 [main] INFO  - ---- TestCase_21_LoanTenureCalculator_ValidatingLoanAmountTextBoxAndSlider Ended ----
12:44:45.130 [main] INFO  - ---- TestCase_22_LoanTenureCalculator_ScaleChangeForLoanAmountTextBoxAndSlider Started ----
12:44:46.012 [main] INFO  - ---- TestCase_22_LoanTenureCalculator_ScaleChangeForLoanAmountTextBoxAndSlider Ended ----
12:44:46.187 [main] INFO  - ---- TestCase_23_LoanTenureCalculator_ValidatingEMITextBoxAndSlider Started ----
12:44:46.290 [main] INFO  - ---- TestCase_23_LoanTenureCalculator_ValidatingEMITextBoxAndSlider Ended ----
12:44:46.468 [main] INFO  - ---- TestCase_24_LoanTenureCalculator_ValidatingInterestRateTextBoxAndSlider Started ----
12:44:46.536 [main] INFO  - ---- TestCase_24_LoanTenureCalculator_ValidatingInterestRateTextBoxAndSlider Ended ----
12:44:46.729 [main] INFO  - ---- TestCase_25_LoanTenureCalculator_ScaleChangeForInterestRateTextBoxAndSlider Started ----
12:44:47.647 [main] INFO  - ---- TestCase_25_LoanTenureCalculator_ScaleChangeForInterestRateTextBoxAndSlider Ended ----
12:44:47.850 [main] INFO  - ---- TestCase_26_LoanTenureCalculator_ValidatingFeesAndChargesTextBoxAndSlider Started ----
12:44:47.942 [main] INFO  - ---- TestCase_26_LoanTenureCalculator_ValidatingFeesAndChargesTextBoxAndSlider Ended ----
12:44:48.122 [main] INFO  - ---- TestCase_27_LoanTenureCalculator_ScaleChangeForFeesAndChargesTextBoxAndSlider Started ----
12:44:49.143 [main] INFO  - ---- TestCase_27_LoanTenureCalculator_ScaleChangeForFeesAndChargesTextBoxAndSlider Ended ----
12:34:58.884 [main] INFO  - ---- TestCase_01_EnteringRequiredValuesInHomePage Started ----
12:35:08.131 [main] INFO  - ---- TestCase_03_StoringTheYearTableInExcel Started ----
12:35:19.794 [main] INFO  - ---- TestCase_03_StoringTheYearTableInExcel Ended ----
12:35:29.943 [main] INFO  - -----TestCase_04_EMICalculator_ValidatingLoanAmountTextBoxAndSlider  started.------
12:35:30.239 [main] INFO  - TestCase_04_EMICalculator_ValidatingLoanAmountTextBoxAndSlider ended.
12:35:30.447 [main] INFO  - TestCase_05_EMICalculator_ScaleChangeForLoanAmountTextBoxAndSlider started.
12:35:31.603 [main] INFO  - TestCase_05_EMICalculator_ScaleChangeForLoanAmountTextBoxAndSlider started.
12:35:31.845 [main] INFO  - TestCase_06_EMICalculator_ValidatingInterestRateTextBoxAndSlider started.
12:35:31.990 [main] INFO  - TestCase_06_EMICalculator_ValidatingInterestRateTextBoxAndSlider ended.
12:35:32.255 [main] INFO  - TestCase_07_EMICalculator_ScaleChangeForInterestRateTextBoxAndSlider started
12:35:33.274 [main] INFO  - TestCase_07_EMICalculator_ScaleChangeForInterestRateTextBoxAndSlider ended
12:35:33.508 [main] INFO  - TestCase_08_EMICalculator_ValidatingLoanTenureTextBoxAndSlider started.
12:35:33.776 [main] INFO  - TestCase_08_EMICalculator_ValidatingLoanTenureTextBoxAndSlider ended.
12:35:34.022 [main] INFO  - TestCase_09_EMICalculator_ScaleChangeForLoanTenureTextBoxAndSlider started
12:35:35.125 [main] INFO  - TestCase_09_EMICalculator_ScaleChangeForLoanTenureTextBoxAndSlider ended
12:35:35.379 [main] INFO  - TestCase_10_EMICalculator_ValidatingFeesAndChargesTextBoxAndSlider started.
12:35:35.511 [main] INFO  - TestCase_10_EMICalculator_ValidatingFeesAndChargesTextBoxAndSlider ended.
12:35:35.696 [main] INFO  - TestCase_11_EMICalculator_ScaleChangeForFeesAndChargesTextBoxAndSlider started
12:35:36.705 [main] INFO  - TestCase_11_EMICalculator_ScaleChangeForFeesAndChargesTextBoxAndSlider ended
12:35:36.916 [main] INFO  - TestCase_12_EMICalculator_ValidationForYearAndMonthOption started.
12:35:37.120 [main] INFO  - TestCase_12_EMICalculator_ValidationForYearAndMonthOption ended.
12:35:47.228 [main] INFO  - ---- TestCase_13_LoanAmtCalculator_ValidatingEMITextBoxAndSlider Started ----
12:35:47.375 [main] INFO  - ---- TestCase_13_LoanAmtCalculator_ValidatingEMITextBoxAndSlider Ended ----
12:35:47.601 [main] INFO  - ---- TestCase_14_LoanAmtCalculator_ValidatingInterestRateTextBoxAndSlider Started ----
12:35:47.747 [main] INFO  - ---- TestCase_14_LoanAmtCalculator_ValidatingInterestRateTextBoxAndSlider Ended ----
12:35:47.972 [main] INFO  - ---- TestCase_15_LoanAmtCalculator_ScaleChangeForInterestRateTextBoxAndSlider Started ----
12:35:48.995 [main] INFO  - ---- TestCase_15_LoanAmtCalculator_ScaleChangeForInterestRateTextBoxAndSlider Ended ----
12:35:49.239 [main] INFO  - ---- TestCase_16_LoanAmtCalculator_ValidatingLoanTenureTextBoxAndSlider Started ----
12:35:49.400 [main] INFO  - ---- TestCase_16_LoanAmtCalculator_ValidatingLoanTenureTextBoxAndSlider Ended ----
12:35:49.630 [main] INFO  - ---- TestCase_17_LoanAmtCalculator_ScaleChangeForLoanTenureTextBoxAndSlider Started ----
12:35:50.682 [main] INFO  - ---- TestCase_17_LoanAmtCalculator_ScaleChangeForLoanTenureTextBoxAndSlider Ended ----
12:35:50.906 [main] INFO  - ---- TestCase_18_LoanAmtCalculator_ValidatingFeesAndChargesTextBoxAndSlider Started ----
12:35:51.063 [main] INFO  - ---- TestCase_18_LoanAmtCalculator_ValidatingFeesAndChargesTextBoxAndSlider Ended ----
12:35:51.272 [main] INFO  - ---- TestCase_19_LoanAmtCalculator_ValidationForYearAndMonthOption Started ----
12:35:51.399 [main] INFO  - ---- TestCase_19_LoanAmtCalculator_ValidationForYearAndMonthOption Ended ----
12:35:51.660 [main] INFO  - ---- TestCase_20_LoanAmtCalculator_ScaleChangeForFeesAndChargesTextBoxAndSlider Started ----
12:35:53.044 [main] INFO  - ---- TestCase_20_LoanAmtCalculator_ScaleChangeForFeesAndChargesTextBoxAndSlider Ended ----
12:36:03.048 [main] INFO  - ---- TestCase_21_LoanTenureCalculator_ValidatingLoanAmountTextBoxAndSlider Started ----
12:36:03.219 [main] INFO  - ---- TestCase_21_LoanTenureCalculator_ValidatingLoanAmountTextBoxAndSlider Ended ----
12:36:03.434 [main] INFO  - ---- TestCase_22_LoanTenureCalculator_ScaleChangeForLoanAmountTextBoxAndSlider Started ----
12:36:04.507 [main] INFO  - ---- TestCase_22_LoanTenureCalculator_ScaleChangeForLoanAmountTextBoxAndSlider Ended ----
12:36:04.738 [main] INFO  - ---- TestCase_23_LoanTenureCalculator_ValidatingEMITextBoxAndSlider Started ----
12:36:04.876 [main] INFO  - ---- TestCase_23_LoanTenureCalculator_ValidatingEMITextBoxAndSlider Ended ----
12:36:05.138 [main] INFO  - ---- TestCase_24_LoanTenureCalculator_ValidatingInterestRateTextBoxAndSlider Started ----
12:36:05.302 [main] INFO  - ---- TestCase_24_LoanTenureCalculator_ValidatingInterestRateTextBoxAndSlider Ended ----
12:36:05.512 [main] INFO  - ---- TestCase_25_LoanTenureCalculator_ScaleChangeForInterestRateTextBoxAndSlider Started ----
12:36:06.549 [main] INFO  - ---- TestCase_25_LoanTenureCalculator_ScaleChangeForInterestRateTextBoxAndSlider Ended ----
12:36:06.733 [main] INFO  - ---- TestCase_26_LoanTenureCalculator_ValidatingFeesAndChargesTextBoxAndSlider Started ----
12:36:06.898 [main] INFO  - ---- TestCase_26_LoanTenureCalculator_ValidatingFeesAndChargesTextBoxAndSlider Ended ----
12:36:07.151 [main] INFO  - ---- TestCase_27_LoanTenureCalculator_ScaleChangeForFeesAndChargesTextBoxAndSlider Started ----
12:36:08.246 [main] INFO  - ---- TestCase_27_LoanTenureCalculator_ScaleChangeForFeesAndChargesTextBoxAndSlider Ended ----
13:28:22.394 [main] INFO  - ---- TestCase_01_EnteringRequiredValuesInHomePage Started ----
13:28:26.142 [main] INFO  - ---- TestCase_01_EnteringRequiredValuesInHomePage Ended ----
13:28:26.452 [main] INFO  - ---- TestCase_02_DisplayingTheEMIPaymentTable Started ----
13:28:30.165 [main] INFO  - ---- TestCase_02_DisplayingTheEMIPaymentTable Ended ----
13:28:39.747 [main] INFO  - ---- TestCase_03_StoringTheYearTableInExcel Started ----
13:28:50.357 [main] INFO  - ---- TestCase_03_StoringTheYearTableInExcel Ended ----
13:29:00.803 [main] INFO  - -----TestCase_04_EMICalculator_ValidatingLoanAmountTextBoxAndSlider  started.------
13:29:01.123 [main] INFO  - TestCase_04_EMICalculator_ValidatingLoanAmountTextBoxAndSlider ended.
13:29:01.430 [main] INFO  - TestCase_05_EMICalculator_ScaleChangeForLoanAmountTextBoxAndSlider started.
13:29:02.567 [main] INFO  - TestCase_05_EMICalculator_ScaleChangeForLoanAmountTextBoxAndSlider started.
13:29:02.840 [main] INFO  - TestCase_06_EMICalculator_ValidatingInterestRateTextBoxAndSlider started.
13:29:03.022 [main] INFO  - TestCase_06_EMICalculator_ValidatingInterestRateTextBoxAndSlider ended.
13:29:03.292 [main] INFO  - TestCase_07_EMICalculator_ScaleChangeForInterestRateTextBoxAndSlider started
13:29:04.460 [main] INFO  - TestCase_07_EMICalculator_ScaleChangeForInterestRateTextBoxAndSlider ended
13:29:04.781 [main] INFO  - TestCase_08_EMICalculator_ValidatingLoanTenureTextBoxAndSlider started.
13:29:05.092 [main] INFO  - TestCase_08_EMICalculator_ValidatingLoanTenureTextBoxAndSlider ended.
13:29:05.378 [main] INFO  - TestCase_09_EMICalculator_ScaleChangeForLoanTenureTextBoxAndSlider started
13:29:06.531 [main] INFO  - TestCase_09_EMICalculator_ScaleChangeForLoanTenureTextBoxAndSlider ended
13:29:06.774 [main] INFO  - TestCase_10_EMICalculator_ValidatingFeesAndChargesTextBoxAndSlider started.
13:29:06.950 [main] INFO  - TestCase_10_EMICalculator_ValidatingFeesAndChargesTextBoxAndSlider ended.
13:29:07.179 [main] INFO  - TestCase_11_EMICalculator_ScaleChangeForFeesAndChargesTextBoxAndSlider started
13:29:08.299 [main] INFO  - TestCase_11_EMICalculator_ScaleChangeForFeesAndChargesTextBoxAndSlider ended
13:29:08.578 [main] INFO  - TestCase_12_EMICalculator_ValidationForYearAndMonthOption started.
13:29:08.895 [main] INFO  - TestCase_12_EMICalculator_ValidationForYearAndMonthOption ended.
13:33:15.744 [main] INFO  - ---- TestCase_01_EnteringRequiredValuesInHomePage Started ----
13:33:19.153 [main] INFO  - ---- TestCase_01_EnteringRequiredValuesInHomePage Ended ----
13:33:19.452 [main] INFO  - ---- TestCase_02_DisplayingTheEMIPaymentTable Started ----
13:33:22.419 [main] INFO  - ---- TestCase_02_DisplayingTheEMIPaymentTable Ended ----
13:33:32.694 [main] INFO  - ---- TestCase_03_StoringTheYearTableInExcel Started ----
13:33:44.099 [main] INFO  - ---- TestCase_03_StoringTheYearTableInExcel Ended ----
13:33:54.072 [main] INFO  - -----TestCase_04_EMICalculator_ValidatingLoanAmountTextBoxAndSlider  started.------
13:33:54.350 [main] INFO  - TestCase_04_EMICalculator_ValidatingLoanAmountTextBoxAndSlider ended.
13:33:54.624 [main] INFO  - TestCase_05_EMICalculator_ScaleChangeForLoanAmountTextBoxAndSlider started.
13:33:55.783 [main] INFO  - TestCase_05_EMICalculator_ScaleChangeForLoanAmountTextBoxAndSlider started.
13:33:56.062 [main] INFO  - TestCase_06_EMICalculator_ValidatingInterestRateTextBoxAndSlider started.
13:33:56.239 [main] INFO  - TestCase_06_EMICalculator_ValidatingInterestRateTextBoxAndSlider ended.
13:33:56.470 [main] INFO  - TestCase_07_EMICalculator_ScaleChangeForInterestRateTextBoxAndSlider started
13:33:57.551 [main] INFO  - TestCase_07_EMICalculator_ScaleChangeForInterestRateTextBoxAndSlider ended
13:33:57.794 [main] INFO  - TestCase_08_EMICalculator_ValidatingLoanTenureTextBoxAndSlider started.
13:33:58.097 [main] INFO  - TestCase_08_EMICalculator_ValidatingLoanTenureTextBoxAndSlider ended.
13:33:58.372 [main] INFO  - TestCase_09_EMICalculator_ScaleChangeForLoanTenureTextBoxAndSlider started
13:33:59.380 [main] INFO  - TestCase_09_EMICalculator_ScaleChangeForLoanTenureTextBoxAndSlider ended
13:33:59.607 [main] INFO  - TestCase_10_EMICalculator_ValidatingFeesAndChargesTextBoxAndSlider started.
13:33:59.753 [main] INFO  - TestCase_10_EMICalculator_ValidatingFeesAndChargesTextBoxAndSlider ended.
13:33:59.948 [main] INFO  - TestCase_11_EMICalculator_ScaleChangeForFeesAndChargesTextBoxAndSlider started
13:34:00.977 [main] INFO  - TestCase_11_EMICalculator_ScaleChangeForFeesAndChargesTextBoxAndSlider ended
13:34:01.205 [main] INFO  - TestCase_12_EMICalculator_ValidationForYearAndMonthOption started.
13:34:01.498 [main] INFO  - TestCase_12_EMICalculator_ValidationForYearAndMonthOption ended.
13:34:22.124 [main] INFO  - ---- TestCase_21_LoanTenureCalculator_ValidatingLoanAmountTextBoxAndSlider Started ----
13:34:22.297 [main] INFO  - ---- TestCase_21_LoanTenureCalculator_ValidatingLoanAmountTextBoxAndSlider Ended ----
13:34:22.569 [main] INFO  - ---- TestCase_22_LoanTenureCalculator_ScaleChangeForLoanAmountTextBoxAndSlider Started ----
13:34:23.576 [main] INFO  - ---- TestCase_22_LoanTenureCalculator_ScaleChangeForLoanAmountTextBoxAndSlider Ended ----
13:34:23.821 [main] INFO  - ---- TestCase_23_LoanTenureCalculator_ValidatingEMITextBoxAndSlider Started ----
13:34:23.981 [main] INFO  - ---- TestCase_23_LoanTenureCalculator_ValidatingEMITextBoxAndSlider Ended ----
13:34:24.196 [main] INFO  - ---- TestCase_24_LoanTenureCalculator_ValidatingInterestRateTextBoxAndSlider Started ----
13:34:24.349 [main] INFO  - ---- TestCase_24_LoanTenureCalculator_ValidatingInterestRateTextBoxAndSlider Ended ----
13:34:24.580 [main] INFO  - ---- TestCase_25_LoanTenureCalculator_ScaleChangeForInterestRateTextBoxAndSlider Started ----
13:34:25.671 [main] INFO  - ---- TestCase_25_LoanTenureCalculator_ScaleChangeForInterestRateTextBoxAndSlider Ended ----
13:34:25.915 [main] INFO  - ---- TestCase_26_LoanTenureCalculator_ValidatingFeesAndChargesTextBoxAndSlider Started ----
13:34:26.137 [main] INFO  - ---- TestCase_26_LoanTenureCalculator_ValidatingFeesAndChargesTextBoxAndSlider Ended ----
13:34:26.352 [main] INFO  - ---- TestCase_27_LoanTenureCalculator_ScaleChangeForFeesAndChargesTextBoxAndSlider Started ----
13:34:27.443 [main] INFO  - ---- TestCase_27_LoanTenureCalculator_ScaleChangeForFeesAndChargesTextBoxAndSlider Ended ----
13:55:03.021 [main] INFO  - ---- TestCase_01_EnteringRequiredValuesInHomePage Started ----
13:55:06.245 [main] INFO  - ---- TestCase_01_EnteringRequiredValuesInHomePage Ended ----
13:55:06.525 [main] INFO  - ---- TestCase_02_DisplayingTheEMIPaymentTable Started ----
13:55:09.473 [main] INFO  - ---- TestCase_02_DisplayingTheEMIPaymentTable Ended ----
13:55:17.582 [main] INFO  - ---- TestCase_03_StoringTheYearTableInExcel Started ----
13:55:27.685 [main] INFO  - ---- TestCase_03_StoringTheYearTableInExcel Ended ----
13:55:38.004 [main] INFO  - -----TestCase_04_EMICalculator_ValidatingLoanAmountTextBoxAndSlider  started.------
13:55:38.309 [main] INFO  - TestCase_04_EMICalculator_ValidatingLoanAmountTextBoxAndSlider ended.
13:55:38.527 [main] INFO  - TestCase_05_EMICalculator_ScaleChangeForLoanAmountTextBoxAndSlider started.
13:55:39.685 [main] INFO  - TestCase_05_EMICalculator_ScaleChangeForLoanAmountTextBoxAndSlider started.
13:55:39.933 [main] INFO  - TestCase_06_EMICalculator_ValidatingInterestRateTextBoxAndSlider started.
13:55:40.113 [main] INFO  - TestCase_06_EMICalculator_ValidatingInterestRateTextBoxAndSlider ended.
13:55:40.419 [main] INFO  - TestCase_07_EMICalculator_ScaleChangeForInterestRateTextBoxAndSlider started
13:55:41.466 [main] INFO  - TestCase_07_EMICalculator_ScaleChangeForInterestRateTextBoxAndSlider ended
13:55:41.724 [main] INFO  - TestCase_08_EMICalculator_ValidatingLoanTenureTextBoxAndSlider started.
13:55:42.026 [main] INFO  - TestCase_08_EMICalculator_ValidatingLoanTenureTextBoxAndSlider ended.
13:55:42.418 [main] INFO  - TestCase_09_EMICalculator_ScaleChangeForLoanTenureTextBoxAndSlider started
13:55:43.587 [main] INFO  - TestCase_09_EMICalculator_ScaleChangeForLoanTenureTextBoxAndSlider ended
13:55:43.898 [main] INFO  - TestCase_10_EMICalculator_ValidatingFeesAndChargesTextBoxAndSlider started.
13:55:44.084 [main] INFO  - TestCase_10_EMICalculator_ValidatingFeesAndChargesTextBoxAndSlider ended.
13:55:44.401 [main] INFO  - TestCase_11_EMICalculator_ScaleChangeForFeesAndChargesTextBoxAndSlider started
13:55:45.581 [main] INFO  - TestCase_11_EMICalculator_ScaleChangeForFeesAndChargesTextBoxAndSlider ended
13:55:45.849 [main] INFO  - TestCase_12_EMICalculator_ValidationForYearAndMonthOption started.
13:55:46.133 [main] INFO  - TestCase_12_EMICalculator_ValidationForYearAndMonthOption ended.
13:55:58.134 [main] INFO  - ---- TestCase_13_LoanAmtCalculator_ValidatingEMITextBoxAndSlider Started ----
13:55:58.360 [main] INFO  - ---- TestCase_13_LoanAmtCalculator_ValidatingEMITextBoxAndSlider Ended ----
13:55:58.733 [main] INFO  - ---- TestCase_14_LoanAmtCalculator_ValidatingInterestRateTextBoxAndSlider Started ----
13:55:58.920 [main] INFO  - ---- TestCase_14_LoanAmtCalculator_ValidatingInterestRateTextBoxAndSlider Ended ----
13:55:59.217 [main] INFO  - ---- TestCase_15_LoanAmtCalculator_ScaleChangeForInterestRateTextBoxAndSlider Started ----
13:56:00.372 [main] INFO  - ---- TestCase_15_LoanAmtCalculator_ScaleChangeForInterestRateTextBoxAndSlider Ended ----
13:56:00.717 [main] INFO  - ---- TestCase_16_LoanAmtCalculator_ValidatingLoanTenureTextBoxAndSlider Started ----
13:56:00.931 [main] INFO  - ---- TestCase_16_LoanAmtCalculator_ValidatingLoanTenureTextBoxAndSlider Ended ----
13:56:01.271 [main] INFO  - ---- TestCase_17_LoanAmtCalculator_ScaleChangeForLoanTenureTextBoxAndSlider Started ----
13:56:02.494 [main] INFO  - ---- TestCase_17_LoanAmtCalculator_ScaleChangeForLoanTenureTextBoxAndSlider Ended ----
13:56:02.830 [main] INFO  - ---- TestCase_18_LoanAmtCalculator_ValidatingFeesAndChargesTextBoxAndSlider Started ----
13:56:03.079 [main] INFO  - ---- TestCase_18_LoanAmtCalculator_ValidatingFeesAndChargesTextBoxAndSlider Ended ----
13:56:03.386 [main] INFO  - ---- TestCase_19_LoanAmtCalculator_ValidationForYearAndMonthOption Started ----
13:56:03.544 [main] INFO  - ---- TestCase_19_LoanAmtCalculator_ValidationForYearAndMonthOption Ended ----
13:56:03.948 [main] INFO  - ---- TestCase_20_LoanAmtCalculator_ScaleChangeForFeesAndChargesTextBoxAndSlider Started ----
13:56:05.628 [main] INFO  - ---- TestCase_20_LoanAmtCalculator_ScaleChangeForFeesAndChargesTextBoxAndSlider Ended ----
13:56:17.314 [main] INFO  - ---- TestCase_21_LoanTenureCalculator_ValidatingLoanAmountTextBoxAndSlider Started ----
13:56:17.498 [main] INFO  - ---- TestCase_21_LoanTenureCalculator_ValidatingLoanAmountTextBoxAndSlider Ended ----
13:56:17.832 [main] INFO  - ---- TestCase_22_LoanTenureCalculator_ScaleChangeForLoanAmountTextBoxAndSlider Started ----
13:56:18.986 [main] INFO  - ---- TestCase_22_LoanTenureCalculator_ScaleChangeForLoanAmountTextBoxAndSlider Ended ----
13:56:19.320 [main] INFO  - ---- TestCase_23_LoanTenureCalculator_ValidatingEMITextBoxAndSlider Started ----
13:56:19.533 [main] INFO  - ---- TestCase_23_LoanTenureCalculator_ValidatingEMITextBoxAndSlider Ended ----
13:56:19.867 [main] INFO  - ---- TestCase_24_LoanTenureCalculator_ValidatingInterestRateTextBoxAndSlider Started ----
13:56:20.012 [main] INFO  - ---- TestCase_24_LoanTenureCalculator_ValidatingInterestRateTextBoxAndSlider Ended ----
13:56:20.260 [main] INFO  - ---- TestCase_25_LoanTenureCalculator_ScaleChangeForInterestRateTextBoxAndSlider Started ----
13:56:21.415 [main] INFO  - ---- TestCase_25_LoanTenureCalculator_ScaleChangeForInterestRateTextBoxAndSlider Ended ----
13:56:21.634 [main] INFO  - ---- TestCase_26_LoanTenureCalculator_ValidatingFeesAndChargesTextBoxAndSlider Started ----
13:56:21.815 [main] INFO  - ---- TestCase_26_LoanTenureCalculator_ValidatingFeesAndChargesTextBoxAndSlider Ended ----
13:56:22.062 [main] INFO  - ---- TestCase_27_LoanTenureCalculator_ScaleChangeForFeesAndChargesTextBoxAndSlider Started ----
13:56:23.241 [main] INFO  - ---- TestCase_27_LoanTenureCalculator_ScaleChangeForFeesAndChargesTextBoxAndSlider Ended ----
19:10:15.387 [main] INFO  - ---- TestCase_01_EnteringRequiredValuesInHomePage Started ----
19:10:17.278 [main] INFO  - ---- TestCase_01_EnteringRequiredValuesInHomePage Ended ----
19:10:17.439 [main] INFO  - ---- TestCase_02_DisplayingTheEMIPaymentTable Started ----
19:10:19.129 [main] INFO  - ---- TestCase_02_DisplayingTheEMIPaymentTable Ended ----
19:10:24.571 [main] INFO  - ---- TestCase_03_StoringTheYearTableInExcel Started ----
19:10:29.313 [main] INFO  - ---- TestCase_03_StoringTheYearTableInExcel Ended ----
19:10:35.208 [main] INFO  - -----TestCase_04_EMICalculator_ValidatingLoanAmountTextBoxAndSlider  started.------
19:10:35.352 [main] INFO  - TestCase_04_EMICalculator_ValidatingLoanAmountTextBoxAndSlider ended.
19:10:35.507 [main] INFO  - TestCase_05_EMICalculator_ScaleChangeForLoanAmountTextBoxAndSlider started.
19:10:36.493 [main] INFO  - TestCase_05_EMICalculator_ScaleChangeForLoanAmountTextBoxAndSlider started.
19:10:36.665 [main] INFO  - TestCase_06_EMICalculator_ValidatingInterestRateTextBoxAndSlider started.
19:10:36.731 [main] INFO  - TestCase_06_EMICalculator_ValidatingInterestRateTextBoxAndSlider ended.
19:10:36.903 [main] INFO  - TestCase_07_EMICalculator_ScaleChangeForInterestRateTextBoxAndSlider started
19:10:37.802 [main] INFO  - TestCase_07_EMICalculator_ScaleChangeForInterestRateTextBoxAndSlider ended
19:10:38.016 [main] INFO  - TestCase_08_EMICalculator_ValidatingLoanTenureTextBoxAndSlider started.
19:10:38.114 [main] INFO  - TestCase_08_EMICalculator_ValidatingLoanTenureTextBoxAndSlider ended.
19:10:38.289 [main] INFO  - TestCase_09_EMICalculator_ScaleChangeForLoanTenureTextBoxAndSlider started
19:10:39.212 [main] INFO  - TestCase_09_EMICalculator_ScaleChangeForLoanTenureTextBoxAndSlider ended
19:10:39.363 [main] INFO  - TestCase_10_EMICalculator_ValidatingFeesAndChargesTextBoxAndSlider started.
19:10:39.438 [main] INFO  - TestCase_10_EMICalculator_ValidatingFeesAndChargesTextBoxAndSlider ended.
19:10:39.580 [main] INFO  - TestCase_11_EMICalculator_ScaleChangeForFeesAndChargesTextBoxAndSlider started
19:10:40.495 [main] INFO  - TestCase_11_EMICalculator_ScaleChangeForFeesAndChargesTextBoxAndSlider ended
19:10:40.638 [main] INFO  - TestCase_12_EMICalculator_ValidationForYearAndMonthOption started.
19:10:40.763 [main] INFO  - TestCase_12_EMICalculator_ValidationForYearAndMonthOption ended.
19:10:46.887 [main] INFO  - ---- TestCase_13_LoanAmtCalculator_ValidatingEMITextBoxAndSlider Started ----
19:10:46.969 [main] INFO  - ---- TestCase_13_LoanAmtCalculator_ValidatingEMITextBoxAndSlider Ended ----
19:10:47.126 [main] INFO  - ---- TestCase_14_LoanAmtCalculator_ValidatingInterestRateTextBoxAndSlider Started ----
19:10:47.211 [main] INFO  - ---- TestCase_14_LoanAmtCalculator_ValidatingInterestRateTextBoxAndSlider Ended ----
19:10:47.364 [main] INFO  - ---- TestCase_15_LoanAmtCalculator_ScaleChangeForInterestRateTextBoxAndSlider Started ----
19:10:48.252 [main] INFO  - ---- TestCase_15_LoanAmtCalculator_ScaleChangeForInterestRateTextBoxAndSlider Ended ----
19:10:48.418 [main] INFO  - ---- TestCase_16_LoanAmtCalculator_ValidatingLoanTenureTextBoxAndSlider Started ----
19:10:48.493 [main] INFO  - ---- TestCase_16_LoanAmtCalculator_ValidatingLoanTenureTextBoxAndSlider Ended ----
19:10:48.652 [main] INFO  - ---- TestCase_17_LoanAmtCalculator_ScaleChangeForLoanTenureTextBoxAndSlider Started ----
19:10:49.564 [main] INFO  - ---- TestCase_17_LoanAmtCalculator_ScaleChangeForLoanTenureTextBoxAndSlider Ended ----
19:10:49.727 [main] INFO  - ---- TestCase_18_LoanAmtCalculator_ValidatingFeesAndChargesTextBoxAndSlider Started ----
19:10:49.799 [main] INFO  - ---- TestCase_18_LoanAmtCalculator_ValidatingFeesAndChargesTextBoxAndSlider Ended ----
19:10:49.924 [main] INFO  - ---- TestCase_19_LoanAmtCalculator_ValidationForYearAndMonthOption Started ----
19:10:49.968 [main] INFO  - ---- TestCase_19_LoanAmtCalculator_ValidationForYearAndMonthOption Ended ----
19:10:50.132 [main] INFO  - ---- TestCase_20_LoanAmtCalculator_ScaleChangeForFeesAndChargesTextBoxAndSlider Started ----
19:10:51.227 [main] INFO  - ---- TestCase_20_LoanAmtCalculator_ScaleChangeForFeesAndChargesTextBoxAndSlider Ended ----
19:10:57.892 [main] INFO  - ---- TestCase_21_LoanTenureCalculator_ValidatingLoanAmountTextBoxAndSlider Started ----
19:10:57.983 [main] INFO  - ---- TestCase_21_LoanTenureCalculator_ValidatingLoanAmountTextBoxAndSlider Ended ----
19:10:58.146 [main] INFO  - ---- TestCase_22_LoanTenureCalculator_ScaleChangeForLoanAmountTextBoxAndSlider Started ----
19:10:59.094 [main] INFO  - ---- TestCase_22_LoanTenureCalculator_ScaleChangeForLoanAmountTextBoxAndSlider Ended ----
19:10:59.252 [main] INFO  - ---- TestCase_23_LoanTenureCalculator_ValidatingEMITextBoxAndSlider Started ----
19:10:59.332 [main] INFO  - ---- TestCase_23_LoanTenureCalculator_ValidatingEMITextBoxAndSlider Ended ----
19:10:59.504 [main] INFO  - ---- TestCase_24_LoanTenureCalculator_ValidatingInterestRateTextBoxAndSlider Started ----
19:10:59.577 [main] INFO  - ---- TestCase_24_LoanTenureCalculator_ValidatingInterestRateTextBoxAndSlider Ended ----
19:10:59.723 [main] INFO  - ---- TestCase_25_LoanTenureCalculator_ScaleChangeForInterestRateTextBoxAndSlider Started ----
19:11:00.660 [main] INFO  - ---- TestCase_25_LoanTenureCalculator_ScaleChangeForInterestRateTextBoxAndSlider Ended ----
19:11:00.805 [main] INFO  - ---- TestCase_26_LoanTenureCalculator_ValidatingFeesAndChargesTextBoxAndSlider Started ----
19:11:00.889 [main] INFO  - ---- TestCase_26_LoanTenureCalculator_ValidatingFeesAndChargesTextBoxAndSlider Ended ----
19:11:01.024 [main] INFO  - ---- TestCase_27_LoanTenureCalculator_ScaleChangeForFeesAndChargesTextBoxAndSlider Started ----
19:11:01.914 [main] INFO  - ---- TestCase_27_LoanTenureCalculator_ScaleChangeForFeesAndChargesTextBoxAndSlider Ended ----
19:25:03.917 [main] INFO  - ---- TestCase_01_EnteringRequiredValuesInHomePage Started ----
19:25:05.702 [main] INFO  - ---- TestCase_01_EnteringRequiredValuesInHomePage Ended ----
19:25:05.854 [main] INFO  - ---- TestCase_02_DisplayingTheEMIPaymentTable Started ----
19:25:07.463 [main] INFO  - ---- TestCase_02_DisplayingTheEMIPaymentTable Ended ----
19:25:14.545 [main] INFO  - ---- TestCase_03_StoringTheYearTableInExcel Started ----
19:25:19.480 [main] INFO  - ---- TestCase_03_StoringTheYearTableInExcel Ended ----
19:25:26.537 [main] INFO  - -----TestCase_04_EMICalculator_ValidatingLoanAmountTextBoxAndSlider  started.------
19:25:26.701 [main] INFO  - TestCase_04_EMICalculator_ValidatingLoanAmountTextBoxAndSlider ended.
19:25:26.866 [main] INFO  - TestCase_05_EMICalculator_ScaleChangeForLoanAmountTextBoxAndSlider started.
19:25:27.829 [main] INFO  - TestCase_05_EMICalculator_ScaleChangeForLoanAmountTextBoxAndSlider started.
19:25:27.999 [main] INFO  - TestCase_06_EMICalculator_ValidatingInterestRateTextBoxAndSlider started.
19:25:28.060 [main] INFO  - TestCase_06_EMICalculator_ValidatingInterestRateTextBoxAndSlider ended.
19:25:28.221 [main] INFO  - TestCase_07_EMICalculator_ScaleChangeForInterestRateTextBoxAndSlider started
19:25:29.153 [main] INFO  - TestCase_07_EMICalculator_ScaleChangeForInterestRateTextBoxAndSlider ended
19:25:29.355 [main] INFO  - TestCase_08_EMICalculator_ValidatingLoanTenureTextBoxAndSlider started.
19:25:29.483 [main] INFO  - TestCase_08_EMICalculator_ValidatingLoanTenureTextBoxAndSlider ended.
19:25:29.632 [main] INFO  - TestCase_09_EMICalculator_ScaleChangeForLoanTenureTextBoxAndSlider started
19:25:30.512 [main] INFO  - TestCase_09_EMICalculator_ScaleChangeForLoanTenureTextBoxAndSlider ended
19:25:30.665 [main] INFO  - TestCase_10_EMICalculator_ValidatingFeesAndChargesTextBoxAndSlider started.
19:25:30.747 [main] INFO  - TestCase_10_EMICalculator_ValidatingFeesAndChargesTextBoxAndSlider ended.
19:25:30.888 [main] INFO  - TestCase_11_EMICalculator_ScaleChangeForFeesAndChargesTextBoxAndSlider started
19:25:31.814 [main] INFO  - TestCase_11_EMICalculator_ScaleChangeForFeesAndChargesTextBoxAndSlider ended
19:25:31.949 [main] INFO  - TestCase_12_EMICalculator_ValidationForYearAndMonthOption started.
19:25:32.035 [main] INFO  - TestCase_12_EMICalculator_ValidationForYearAndMonthOption ended.
19:25:42.514 [main] INFO  - ---- TestCase_13_LoanAmtCalculator_ValidatingEMITextBoxAndSlider Started ----
19:25:42.595 [main] INFO  - ---- TestCase_13_LoanAmtCalculator_ValidatingEMITextBoxAndSlider Ended ----
19:25:42.765 [main] INFO  - ---- TestCase_14_LoanAmtCalculator_ValidatingInterestRateTextBoxAndSlider Started ----
19:25:42.855 [main] INFO  - ---- TestCase_14_LoanAmtCalculator_ValidatingInterestRateTextBoxAndSlider Ended ----
19:25:43.027 [main] INFO  - ---- TestCase_15_LoanAmtCalculator_ScaleChangeForInterestRateTextBoxAndSlider Started ----
19:25:43.879 [main] INFO  - ---- TestCase_15_LoanAmtCalculator_ScaleChangeForInterestRateTextBoxAndSlider Ended ----
19:25:44.047 [main] INFO  - ---- TestCase_16_LoanAmtCalculator_ValidatingLoanTenureTextBoxAndSlider Started ----
19:25:44.129 [main] INFO  - ---- TestCase_16_LoanAmtCalculator_ValidatingLoanTenureTextBoxAndSlider Ended ----
19:25:44.276 [main] INFO  - ---- TestCase_17_LoanAmtCalculator_ScaleChangeForLoanTenureTextBoxAndSlider Started ----
19:25:45.113 [main] INFO  - ---- TestCase_17_LoanAmtCalculator_ScaleChangeForLoanTenureTextBoxAndSlider Ended ----
19:25:45.245 [main] INFO  - ---- TestCase_18_LoanAmtCalculator_ValidatingFeesAndChargesTextBoxAndSlider Started ----
19:25:45.308 [main] INFO  - ---- TestCase_18_LoanAmtCalculator_ValidatingFeesAndChargesTextBoxAndSlider Ended ----
19:25:45.457 [main] INFO  - ---- TestCase_19_LoanAmtCalculator_ValidationForYearAndMonthOption Started ----
19:25:45.510 [main] INFO  - ---- TestCase_19_LoanAmtCalculator_ValidationForYearAndMonthOption Ended ----
19:25:45.669 [main] INFO  - ---- TestCase_20_LoanAmtCalculator_ScaleChangeForFeesAndChargesTextBoxAndSlider Started ----
19:25:46.758 [main] INFO  - ---- TestCase_20_LoanAmtCalculator_ScaleChangeForFeesAndChargesTextBoxAndSlider Ended ----
19:25:56.145 [main] INFO  - ---- TestCase_21_LoanTenureCalculator_ValidatingLoanAmountTextBoxAndSlider Started ----
19:25:56.216 [main] INFO  - ---- TestCase_21_LoanTenureCalculator_ValidatingLoanAmountTextBoxAndSlider Ended ----
19:25:56.378 [main] INFO  - ---- TestCase_22_LoanTenureCalculator_ScaleChangeForLoanAmountTextBoxAndSlider Started ----
19:25:57.268 [main] INFO  - ---- TestCase_22_LoanTenureCalculator_ScaleChangeForLoanAmountTextBoxAndSlider Ended ----
19:25:57.440 [main] INFO  - ---- TestCase_23_LoanTenureCalculator_ValidatingEMITextBoxAndSlider Started ----
19:25:57.496 [main] INFO  - ---- TestCase_23_LoanTenureCalculator_ValidatingEMITextBoxAndSlider Ended ----
19:25:57.659 [main] INFO  - ---- TestCase_24_LoanTenureCalculator_ValidatingInterestRateTextBoxAndSlider Started ----
19:25:57.720 [main] INFO  - ---- TestCase_24_LoanTenureCalculator_ValidatingInterestRateTextBoxAndSlider Ended ----
19:25:57.879 [main] INFO  - ---- TestCase_25_LoanTenureCalculator_ScaleChangeForInterestRateTextBoxAndSlider Started ----
19:25:58.762 [main] INFO  - ---- TestCase_25_LoanTenureCalculator_ScaleChangeForInterestRateTextBoxAndSlider Ended ----
19:25:58.920 [main] INFO  - ---- TestCase_26_LoanTenureCalculator_ValidatingFeesAndChargesTextBoxAndSlider Started ----
19:25:58.982 [main] INFO  - ---- TestCase_26_LoanTenureCalculator_ValidatingFeesAndChargesTextBoxAndSlider Ended ----
19:25:59.130 [main] INFO  - ---- TestCase_27_LoanTenureCalculator_ScaleChangeForFeesAndChargesTextBoxAndSlider Started ----
19:26:00.028 [main] INFO  - ---- TestCase_27_LoanTenureCalculator_ScaleChangeForFeesAndChargesTextBoxAndSlider Ended ----
17:54:50.751 [main] INFO  - ---- TestCase_01_EnteringRequiredValuesInHomePage Started ----
21:13:11.301 [main] INFO  - ---- TestCase_01_EnteringRequiredValuesInHomePage Started ----
21:13:14.381 [main] INFO  - ---- TestCase_01_EnteringRequiredValuesInHomePage Ended ----
21:13:14.610 [main] INFO  - ---- TestCase_02_DisplayingTheEMIPaymentTable Started ----
21:13:17.173 [main] INFO  - ---- TestCase_02_DisplayingTheEMIPaymentTable Ended ----
21:13:25.003 [main] INFO  - ---- TestCase_03_StoringTheYearTableInExcel Started ----
21:13:32.391 [main] INFO  - ---- TestCase_03_StoringTheYearTableInExcel Ended ----
21:13:43.508 [main] INFO  - -----TestCase_04_EMICalculator_ValidatingLoanAmountTextBoxAndSlider  started.------
21:13:43.696 [main] INFO  - TestCase_04_EMICalculator_ValidatingLoanAmountTextBoxAndSlider ended.
21:13:43.972 [main] INFO  - TestCase_05_EMICalculator_ScaleChangeForLoanAmountTextBoxAndSlider started.
21:13:44.964 [main] INFO  - TestCase_05_EMICalculator_ScaleChangeForLoanAmountTextBoxAndSlider started.
21:13:45.267 [main] INFO  - TestCase_06_EMICalculator_ValidatingInterestRateTextBoxAndSlider started.
21:13:45.455 [main] INFO  - TestCase_06_EMICalculator_ValidatingInterestRateTextBoxAndSlider ended.
21:13:45.821 [main] INFO  - TestCase_07_EMICalculator_ScaleChangeForInterestRateTextBoxAndSlider started
21:13:46.773 [main] INFO  - TestCase_07_EMICalculator_ScaleChangeForInterestRateTextBoxAndSlider ended
21:13:47.037 [main] INFO  - TestCase_08_EMICalculator_ValidatingLoanTenureTextBoxAndSlider started.
21:13:47.187 [main] INFO  - TestCase_08_EMICalculator_ValidatingLoanTenureTextBoxAndSlider ended.
21:13:47.392 [main] INFO  - TestCase_09_EMICalculator_ScaleChangeForLoanTenureTextBoxAndSlider started
21:13:48.350 [main] INFO  - TestCase_09_EMICalculator_ScaleChangeForLoanTenureTextBoxAndSlider ended
21:13:48.552 [main] INFO  - TestCase_10_EMICalculator_ValidatingFeesAndChargesTextBoxAndSlider started.
21:13:48.652 [main] INFO  - TestCase_10_EMICalculator_ValidatingFeesAndChargesTextBoxAndSlider ended.
21:13:48.904 [main] INFO  - TestCase_11_EMICalculator_ScaleChangeForFeesAndChargesTextBoxAndSlider started
21:13:49.916 [main] INFO  - TestCase_11_EMICalculator_ScaleChangeForFeesAndChargesTextBoxAndSlider ended
21:13:50.100 [main] INFO  - TestCase_12_EMICalculator_ValidationForYearAndMonthOption started.
21:13:50.220 [main] INFO  - TestCase_12_EMICalculator_ValidationForYearAndMonthOption ended.
21:14:00.196 [main] INFO  - ---- TestCase_13_LoanAmtCalculator_ValidatingEMITextBoxAndSlider Started ----
21:14:00.305 [main] INFO  - ---- TestCase_13_LoanAmtCalculator_ValidatingEMITextBoxAndSlider Ended ----
21:14:00.551 [main] INFO  - ---- TestCase_14_LoanAmtCalculator_ValidatingInterestRateTextBoxAndSlider Started ----
21:14:00.627 [main] INFO  - ---- TestCase_14_LoanAmtCalculator_ValidatingInterestRateTextBoxAndSlider Ended ----
21:14:00.852 [main] INFO  - ---- TestCase_15_LoanAmtCalculator_ScaleChangeForInterestRateTextBoxAndSlider Started ----
21:14:01.809 [main] INFO  - ---- TestCase_15_LoanAmtCalculator_ScaleChangeForInterestRateTextBoxAndSlider Ended ----
21:14:02.083 [main] INFO  - ---- TestCase_16_LoanAmtCalculator_ValidatingLoanTenureTextBoxAndSlider Started ----
21:14:02.188 [main] INFO  - ---- TestCase_16_LoanAmtCalculator_ValidatingLoanTenureTextBoxAndSlider Ended ----
21:14:02.420 [main] INFO  - ---- TestCase_17_LoanAmtCalculator_ScaleChangeForLoanTenureTextBoxAndSlider Started ----
21:14:03.426 [main] INFO  - ---- TestCase_17_LoanAmtCalculator_ScaleChangeForLoanTenureTextBoxAndSlider Ended ----
21:14:03.622 [main] INFO  - ---- TestCase_18_LoanAmtCalculator_ValidatingFeesAndChargesTextBoxAndSlider Started ----
21:14:03.722 [main] INFO  - ---- TestCase_18_LoanAmtCalculator_ValidatingFeesAndChargesTextBoxAndSlider Ended ----
21:14:03.897 [main] INFO  - ---- TestCase_19_LoanAmtCalculator_ValidationForYearAndMonthOption Started ----
21:14:03.970 [main] INFO  - ---- TestCase_19_LoanAmtCalculator_ValidationForYearAndMonthOption Ended ----
21:14:04.178 [main] INFO  - ---- TestCase_20_LoanAmtCalculator_ScaleChangeForFeesAndChargesTextBoxAndSlider Started ----
21:14:05.383 [main] INFO  - ---- TestCase_20_LoanAmtCalculator_ScaleChangeForFeesAndChargesTextBoxAndSlider Ended ----
21:14:17.360 [main] INFO  - ---- TestCase_21_LoanTenureCalculator_ValidatingLoanAmountTextBoxAndSlider Started ----
21:14:17.445 [main] INFO  - ---- TestCase_21_LoanTenureCalculator_ValidatingLoanAmountTextBoxAndSlider Ended ----
21:14:17.695 [main] INFO  - ---- TestCase_22_LoanTenureCalculator_ScaleChangeForLoanAmountTextBoxAndSlider Started ----
21:14:18.640 [main] INFO  - ---- TestCase_22_LoanTenureCalculator_ScaleChangeForLoanAmountTextBoxAndSlider Ended ----
21:14:18.962 [main] INFO  - ---- TestCase_23_LoanTenureCalculator_ValidatingEMITextBoxAndSlider Started ----
21:14:19.076 [main] INFO  - ---- TestCase_23_LoanTenureCalculator_ValidatingEMITextBoxAndSlider Ended ----
21:14:19.276 [main] INFO  - ---- TestCase_24_LoanTenureCalculator_ValidatingInterestRateTextBoxAndSlider Started ----
21:14:19.378 [main] INFO  - ---- TestCase_24_LoanTenureCalculator_ValidatingInterestRateTextBoxAndSlider Ended ----
21:14:19.671 [main] INFO  - ---- TestCase_25_LoanTenureCalculator_ScaleChangeForInterestRateTextBoxAndSlider Started ----
21:14:20.741 [main] INFO  - ---- TestCase_25_LoanTenureCalculator_ScaleChangeForInterestRateTextBoxAndSlider Ended ----
21:14:20.926 [main] INFO  - ---- TestCase_26_LoanTenureCalculator_ValidatingFeesAndChargesTextBoxAndSlider Started ----
21:14:21.015 [main] INFO  - ---- TestCase_26_LoanTenureCalculator_ValidatingFeesAndChargesTextBoxAndSlider Ended ----
21:14:21.189 [main] INFO  - ---- TestCase_27_LoanTenureCalculator_ScaleChangeForFeesAndChargesTextBoxAndSlider Started ----
21:14:22.222 [main] INFO  - ---- TestCase_27_LoanTenureCalculator_ScaleChangeForFeesAndChargesTextBoxAndSlider Ended ----
21:32:31.183 [main] INFO  - ---- TestCase_01_EnteringRequiredValuesInHomePage Started ----
21:32:33.692 [main] INFO  - ---- TestCase_01_EnteringRequiredValuesInHomePage Ended ----
21:32:33.908 [main] INFO  - ---- TestCase_02_DisplayingTheEMIPaymentTable Started ----
21:32:36.074 [main] INFO  - ---- TestCase_02_DisplayingTheEMIPaymentTable Ended ----
21:32:43.870 [main] INFO  - ---- TestCase_03_StoringTheYearTableInExcel Started ----
21:32:50.801 [main] INFO  - ---- TestCase_03_StoringTheYearTableInExcel InProgress ----
21:32:51.062 [main] INFO  - ---- TestCase_03_StoringTheYearTableInExcel Ended ----
21:32:59.941 [main] INFO  - -----TestCase_04_EMICalculator_ValidatingLoanAmountTextBoxAndSlider  started.------
21:33:00.168 [main] INFO  - TestCase_04_EMICalculator_ValidatingLoanAmountTextBoxAndSlider ended.
21:33:00.391 [main] INFO  - TestCase_05_EMICalculator_ScaleChangeForLoanAmountTextBoxAndSlider started.
21:33:01.417 [main] INFO  - TestCase_05_EMICalculator_ScaleChangeForLoanAmountTextBoxAndSlider started.
21:33:01.651 [main] INFO  - TestCase_06_EMICalculator_ValidatingInterestRateTextBoxAndSlider started.
21:33:01.750 [main] INFO  - TestCase_06_EMICalculator_ValidatingInterestRateTextBoxAndSlider ended.
21:33:01.968 [main] INFO  - TestCase_07_EMICalculator_ScaleChangeForInterestRateTextBoxAndSlider started
21:33:02.953 [main] INFO  - TestCase_07_EMICalculator_ScaleChangeForInterestRateTextBoxAndSlider ended
21:33:03.206 [main] INFO  - TestCase_08_EMICalculator_ValidatingLoanTenureTextBoxAndSlider started.
21:33:03.433 [main] INFO  - TestCase_08_EMICalculator_ValidatingLoanTenureTextBoxAndSlider ended.
21:33:03.666 [main] INFO  - TestCase_09_EMICalculator_ScaleChangeForLoanTenureTextBoxAndSlider started
21:33:04.590 [main] INFO  - TestCase_09_EMICalculator_ScaleChangeForLoanTenureTextBoxAndSlider ended
21:33:04.844 [main] INFO  - TestCase_10_EMICalculator_ValidatingFeesAndChargesTextBoxAndSlider started.
21:33:04.937 [main] INFO  - TestCase_10_EMICalculator_ValidatingFeesAndChargesTextBoxAndSlider ended.
21:33:05.120 [main] INFO  - TestCase_11_EMICalculator_ScaleChangeForFeesAndChargesTextBoxAndSlider started
21:33:06.077 [main] INFO  - TestCase_11_EMICalculator_ScaleChangeForFeesAndChargesTextBoxAndSlider ended
21:33:06.264 [main] INFO  - TestCase_12_EMICalculator_ValidationForYearAndMonthOption started.
21:33:06.401 [main] INFO  - TestCase_12_EMICalculator_ValidationForYearAndMonthOption ended.
21:33:15.742 [main] INFO  - ---- TestCase_13_LoanAmtCalculator_ValidatingEMITextBoxAndSlider Started ----
21:33:15.874 [main] INFO  - ---- TestCase_13_LoanAmtCalculator_ValidatingEMITextBoxAndSlider Ended ----
21:33:16.129 [main] INFO  - ---- TestCase_14_LoanAmtCalculator_ValidatingInterestRateTextBoxAndSlider Started ----
21:33:16.220 [main] INFO  - ---- TestCase_14_LoanAmtCalculator_ValidatingInterestRateTextBoxAndSlider Ended ----
21:33:16.459 [main] INFO  - ---- TestCase_15_LoanAmtCalculator_ScaleChangeForInterestRateTextBoxAndSlider Started ----
21:33:17.444 [main] INFO  - ---- TestCase_15_LoanAmtCalculator_ScaleChangeForInterestRateTextBoxAndSlider Ended ----
21:33:17.655 [main] INFO  - ---- TestCase_16_LoanAmtCalculator_ValidatingLoanTenureTextBoxAndSlider Started ----
21:33:17.777 [main] INFO  - ---- TestCase_16_LoanAmtCalculator_ValidatingLoanTenureTextBoxAndSlider Ended ----
21:33:18.010 [main] INFO  - ---- TestCase_17_LoanAmtCalculator_ScaleChangeForLoanTenureTextBoxAndSlider Started ----
21:33:18.968 [main] INFO  - ---- TestCase_17_LoanAmtCalculator_ScaleChangeForLoanTenureTextBoxAndSlider Ended ----
21:33:19.197 [main] INFO  - ---- TestCase_18_LoanAmtCalculator_ValidatingFeesAndChargesTextBoxAndSlider Started ----
21:33:19.310 [main] INFO  - ---- TestCase_18_LoanAmtCalculator_ValidatingFeesAndChargesTextBoxAndSlider Ended ----
21:33:19.494 [main] INFO  - ---- TestCase_19_LoanAmtCalculator_ValidationForYearAndMonthOption Started ----
21:33:19.564 [main] INFO  - ---- TestCase_19_LoanAmtCalculator_ValidationForYearAndMonthOption Ended ----
21:33:19.777 [main] INFO  - ---- TestCase_20_LoanAmtCalculator_ScaleChangeForFeesAndChargesTextBoxAndSlider Started ----
21:33:21.012 [main] INFO  - ---- TestCase_20_LoanAmtCalculator_ScaleChangeForFeesAndChargesTextBoxAndSlider Ended ----
21:33:29.894 [main] INFO  - ---- TestCase_21_LoanTenureCalculator_ValidatingLoanAmountTextBoxAndSlider Started ----
21:33:29.996 [main] INFO  - ---- TestCase_21_LoanTenureCalculator_ValidatingLoanAmountTextBoxAndSlider Ended ----
21:33:30.207 [main] INFO  - ---- TestCase_22_LoanTenureCalculator_ScaleChangeForLoanAmountTextBoxAndSlider Started ----
21:33:31.221 [main] INFO  - ---- TestCase_22_LoanTenureCalculator_ScaleChangeForLoanAmountTextBoxAndSlider Ended ----
21:33:31.476 [main] INFO  - ---- TestCase_23_LoanTenureCalculator_ValidatingEMITextBoxAndSlider Started ----
21:33:31.564 [main] INFO  - ---- TestCase_23_LoanTenureCalculator_ValidatingEMITextBoxAndSlider Ended ----
21:33:31.779 [main] INFO  - ---- TestCase_24_LoanTenureCalculator_ValidatingInterestRateTextBoxAndSlider Started ----
21:33:31.856 [main] INFO  - ---- TestCase_24_LoanTenureCalculator_ValidatingInterestRateTextBoxAndSlider Ended ----
21:33:32.072 [main] INFO  - ---- TestCase_25_LoanTenureCalculator_ScaleChangeForInterestRateTextBoxAndSlider Started ----
21:33:33.005 [main] INFO  - ---- TestCase_25_LoanTenureCalculator_ScaleChangeForInterestRateTextBoxAndSlider Ended ----
21:33:33.259 [main] INFO  - ---- TestCase_26_LoanTenureCalculator_ValidatingFeesAndChargesTextBoxAndSlider Started ----
21:33:33.360 [main] INFO  - ---- TestCase_26_LoanTenureCalculator_ValidatingFeesAndChargesTextBoxAndSlider Ended ----
21:33:33.532 [main] INFO  - ---- TestCase_27_LoanTenureCalculator_ScaleChangeForFeesAndChargesTextBoxAndSlider Started ----
21:33:34.572 [main] INFO  - ---- TestCase_27_LoanTenureCalculator_ScaleChangeForFeesAndChargesTextBoxAndSlider Ended ----
10:04:46.111 [main] INFO  - ---- TestCase_01_EnteringRequiredValuesInHomePage Started ----
